app_client_flutter/build/app/intermediates/manifest_merge_blame_file/debug/manifest-merger-blame-debug-report.txt
1<?xml version="1.0" encoding="utf-8"?>
2<manifest xmlns:android="http://schemas.android.com/apk/res/android"
3    package="com.yzsh.power.client"
4    android:versionCode="1"
5    android:versionName="4.1.1" >
6
7    <uses-sdk
8        android:minSdkVersion="16"
9        android:targetSdkVersion="28" />
10    <!--
11         Flutter needs it to communicate with the running application
12         to allow setting breakpoints, to provide hot reload, etc.
13    -->
14    <uses-permission android:name="android.permission.INTERNET" />
14-->src/main/AndroidManifest.xml:11:5-67
14-->src/main/AndroidManifest.xml:11:22-64
15    <!--
16     io.flutter.app.FlutterApplication is an android.app.Application that
17         calls FlutterMain.startInitialization(this); in its onCreate method.
18         In most cases you can leave this as-is, but you if you want to provide
19         additional functionality it is fine to subclass or reimplement
20         FlutterApplication and put your custom class here.
21    -->
22    <uses-permission android:name="android.permission.ACCESS_NETWORK_STATE" />
22-->src/main/AndroidManifest.xml:9:5-79
22-->src/main/AndroidManifest.xml:9:22-76
23    <uses-permission android:name="android.permission.ACCESS_WIFI_STATE" />
23-->src/main/AndroidManifest.xml:10:5-76
23-->src/main/AndroidManifest.xml:10:22-73
24    <uses-permission android:name="android.permission.WRITE_EXTERNAL_STORAGE" />
24-->src/main/AndroidManifest.xml:12:5-81
24-->src/main/AndroidManifest.xml:12:22-78
25    <uses-permission android:name="android.permission.ACCESS_FINE_LOCATION" />
25-->src/main/AndroidManifest.xml:13:5-79
25-->src/main/AndroidManifest.xml:13:22-76
26    <uses-permission android:name="android.permission.ACCESS_COARSE_LOCATION" />
26-->src/main/AndroidManifest.xml:14:5-81
26-->src/main/AndroidManifest.xml:14:22-78
27    <uses-permission android:name="android.permission.CAMERA" />
27-->src/main/AndroidManifest.xml:15:5-65
27-->src/main/AndroidManifest.xml:15:22-62
28    <uses-permission android:name="android.permission.CALL_PHONE" />
28-->src/main/AndroidManifest.xml:16:5-69
28-->src/main/AndroidManifest.xml:16:22-66
29    <uses-permission android:name="android.permission.REQUEST_INSTALL_PACKAGES" /> <!-- android 9.0上使用前台服务，需要添加权限 -->
29-->src/main/AndroidManifest.xml:17:5-82
29-->src/main/AndroidManifest.xml:17:22-80
30    <uses-permission android:name="android.permission.FOREGROUND_SERVICE" />
30-->src/main/AndroidManifest.xml:19:5-77
30-->src/main/AndroidManifest.xml:19:22-74
31    <uses-permission android:name="android.permission.READ_PHONE_STATE" />
31-->[:getuiflut] AndroidManifest.xml:8:5-75
31-->[:getuiflut] AndroidManifest.xml:8:22-72
32    <uses-permission android:name="android.permission.CHANGE_WIFI_STATE" />
32-->[:getuiflut] AndroidManifest.xml:10:5-76
32-->[:getuiflut] AndroidManifest.xml:10:22-73
33    <uses-permission android:name="android.permission.RECEIVE_BOOT_COMPLETED" />
33-->[:getuiflut] AndroidManifest.xml:12:5-81
33-->[:getuiflut] AndroidManifest.xml:12:22-78
34    <uses-permission android:name="android.permission.VIBRATE" />
34-->[:getuiflut] AndroidManifest.xml:14:5-66
34-->[:getuiflut] AndroidManifest.xml:14:22-63
35    <uses-permission android:name="android.permission.GET_TASKS" /> <!-- 自定义权限 -->
35-->[:getuiflut] AndroidManifest.xml:15:5-68
35-->[:getuiflut] AndroidManifest.xml:15:22-65
36    <uses-permission android:name="getui.permission.GetuiService.com.yzsh.power.client" />
36-->[:getuiflut] AndroidManifest.xml:18:5-86
36-->[:getuiflut] AndroidManifest.xml:18:22-83
37
38    <permission
38-->[:getuiflut] AndroidManifest.xml:20:5-22:44
39        android:name="getui.permission.GetuiService.com.yzsh.power.client"
39-->[:getuiflut] AndroidManifest.xml:21:9-70
40        android:protectionLevel="normal" /> <!-- 浮动通知权限 -->
40-->[:getuiflut] AndroidManifest.xml:22:9-41
41    <uses-permission android:name="android.permission.SYSTEM_ALERT_WINDOW" />
41-->[:getuiflut] AndroidManifest.xml:25:5-78
41-->[:getuiflut] AndroidManifest.xml:25:22-75
42    <uses-permission android:name="android.permission.READ_PHONE_STATE" />
42-->[:getuiflut] AndroidManifest.xml:8:5-75
42-->[:getuiflut] AndroidManifest.xml:8:22-72
43    <uses-permission android:name="android.permission.GET_TASKS" />
43-->[:getuiflut] AndroidManifest.xml:15:5-68
43-->[:getuiflut] AndroidManifest.xml:15:22-65
44    <uses-permission android:name="android.permission.VIBRATE" />
44-->[:getuiflut] AndroidManifest.xml:14:5-66
44-->[:getuiflut] AndroidManifest.xml:14:22-63
45
46    <permission
46-->[:getuiflut] AndroidManifest.xml:36:5-38:47
47        android:name="com.yzsh.power.client.permission.MIPUSH_RECEIVE"
47-->[:getuiflut] AndroidManifest.xml:37:9-66
48        android:protectionLevel="signature" />
48-->[:getuiflut] AndroidManifest.xml:38:9-44
49
50    <uses-permission android:name="com.yzsh.power.client.permission.MIPUSH_RECEIVE" /> <!-- 魅族 -->
50-->[:getuiflut] AndroidManifest.xml:40:5-82
50-->[:getuiflut] AndroidManifest.xml:40:22-79
51    <uses-permission android:name="android.permission.WRITE_SETTINGS" />
51-->[:getuiflut] AndroidManifest.xml:43:5-73
51-->[:getuiflut] AndroidManifest.xml:43:22-70
52    <uses-permission android:name="com.meizu.flyme.push.permission.RECEIVE" />
52-->[:getuiflut] AndroidManifest.xml:44:5-79
52-->[:getuiflut] AndroidManifest.xml:44:22-76
53    <uses-permission android:name="com.meizu.c2dm.permission.RECEIVE" />
53-->[:getuiflut] AndroidManifest.xml:45:5-73
53-->[:getuiflut] AndroidManifest.xml:45:22-70
54    <uses-permission android:name="com.yzsh.power.client.push.permission.MESSAGE" />
54-->[:getuiflut] AndroidManifest.xml:46:5-80
54-->[:getuiflut] AndroidManifest.xml:46:22-77
55    <uses-permission android:name="com.yzsh.power.client.permission.C2D_MESSAGE" />
55-->[:getuiflut] AndroidManifest.xml:47:5-79
55-->[:getuiflut] AndroidManifest.xml:47:22-76
56
57    <permission
57-->[:getuiflut] AndroidManifest.xml:49:5-51:47
58        android:name="com.yzsh.power.client.push.permission.MESSAGE"
58-->[:getuiflut] AndroidManifest.xml:50:9-64
59        android:protectionLevel="signature" />
59-->[:getuiflut] AndroidManifest.xml:51:9-44
60    <permission
60-->[:getuiflut] AndroidManifest.xml:52:5-54:47
61        android:name="com.yzsh.power.client.permission.C2D_MESSAGE"
61-->[:getuiflut] AndroidManifest.xml:53:9-63
62        android:protectionLevel="signature" /> <!-- 为了了获取⽤用户⼿手机的IMEI，⽤用来唯⼀一的标识⽤用户。 -->
62-->[:getuiflut] AndroidManifest.xml:54:9-44
63    <uses-permission android:name="android.permission.READ_PHONE_STATE" /> <!-- 接收PUSH TOKEN的⼴广播以及PUSH消息需要定义该权限 -->
63-->[:getuiflut] AndroidManifest.xml:8:5-75
63-->[:getuiflut] AndroidManifest.xml:8:22-72
64    <permission
64-->[:getuiflut] AndroidManifest.xml:70:5-72:55
65        android:name="com.yzsh.power.client.permission.PROCESS_PUSH_MSG"
65-->[:getuiflut] AndroidManifest.xml:71:9-68
66        android:protectionLevel="signatureOrSystem" /> <!-- 接收PUSH TOKEN的⼴广播以及PUSH消息需要定义该权限 -->
66-->[:getuiflut] AndroidManifest.xml:72:9-52
67    <uses-permission android:name="com.yzsh.power.client.permission.PROCESS_PUSH_MSG" /> <!-- OPPO -->
67-->[:getuiflut] AndroidManifest.xml:74:5-84
67-->[:getuiflut] AndroidManifest.xml:74:22-81
68    <uses-permission android:name="com.coloros.mcs.permission.RECIEVE_MCS_MESSAGE" />
68-->[:getuiflut] AndroidManifest.xml:77:5-86
68-->[:getuiflut] AndroidManifest.xml:77:22-83
69    <uses-permission android:name="android.permission.READ_EXTERNAL_STORAGE" />
70
71    <supports-screens
71-->[:alipaySdk-15.6.2-20190416-noUtdid:] AndroidManifest.xml:11:5-16:39
72        android:anyDensity="true"
72-->[:alipaySdk-15.6.2-20190416-noUtdid:] AndroidManifest.xml:12:9-34
73        android:largeScreens="true"
73-->[:alipaySdk-15.6.2-20190416-noUtdid:] AndroidManifest.xml:13:9-36
74        android:normalScreens="true"
74-->[:alipaySdk-15.6.2-20190416-noUtdid:] AndroidManifest.xml:14:9-37
75        android:resizeable="true"
75-->[:alipaySdk-15.6.2-20190416-noUtdid:] AndroidManifest.xml:15:9-34
76        android:smallScreens="true" />
76-->[:alipaySdk-15.6.2-20190416-noUtdid:] AndroidManifest.xml:16:9-36
77
78    <application
78-->src/main/AndroidManifest.xml:21:5-72:19
79        android:name="com.yzsh.power.client.MyApplication"
79-->src/main/AndroidManifest.xml:22:9-38
80        android:allowBackup="true"
80-->src/main/AndroidManifest.xml:24:9-35
81        android:appComponentFactory="androidx.core.app.CoreComponentFactory"
81-->[androidx.core:core:1.1.0] AndroidManifest.xml:24:18-86
82        android:debuggable="true"
83        android:icon="@mipmap/logo"
83-->src/main/AndroidManifest.xml:26:9-36
84        android:label="@string/app_name"
84-->src/main/AndroidManifest.xml:23:9-41
85        android:networkSecurityConfig="@xml/network_security_config"
85-->src/main/AndroidManifest.xml:28:9-69
86        android:roundIcon="@mipmap/logo_round"
86-->src/main/AndroidManifest.xml:27:9-47
87        android:supportsRtl="true"
87-->src/main/AndroidManifest.xml:29:9-35
88        android:theme="@style/AppTheme"
88-->[com.github.LuckSiege.PictureSelector:picture_library:v2.2.3] AndroidManifest.xml:11:18-49
89        android:usesCleartextTraffic="true" >
89-->src/main/AndroidManifest.xml:25:9-44
90
91        <!-- //否则9.0会闪退,参考https://www.jianshu.com/p/604b63d7efed -->
92        <uses-library
92-->src/main/AndroidManifest.xml:32:9-34:40
93            android:name="org.apache.http.legacy"
93-->src/main/AndroidManifest.xml:33:13-50
94            android:required="false" />
94-->src/main/AndroidManifest.xml:34:13-37
95
96        <activity
96-->src/main/AndroidManifest.xml:36:9-48:20
97            android:name="com.yzsh.power.client.MainActivity"
97-->src/main/AndroidManifest.xml:37:13-41
98            android:configChanges="orientation|keyboardHidden|keyboard|screenSize|smallestScreenSize|locale|layoutDirection|fontScale|screenLayout|density|uiMode"
98-->src/main/AndroidManifest.xml:40:13-163
99            android:hardwareAccelerated="true"
99-->src/main/AndroidManifest.xml:41:13-47
100            android:launchMode="singleTop"
100-->src/main/AndroidManifest.xml:38:13-43
101            android:screenOrientation="portrait"
101-->src/main/AndroidManifest.xml:43:13-49
102            android:theme="@style/LaunchTheme"
102-->src/main/AndroidManifest.xml:39:13-47
103            android:windowSoftInputMode="adjustResize" >
103-->src/main/AndroidManifest.xml:42:13-55
104            <intent-filter>
104-->src/main/AndroidManifest.xml:44:13-47:29
105                <action android:name="android.intent.action.MAIN" />
105-->src/main/AndroidManifest.xml:45:17-68
105-->src/main/AndroidManifest.xml:45:25-66
106
107                <category android:name="android.intent.category.LAUNCHER" />
107-->src/main/AndroidManifest.xml:46:17-76
107-->src/main/AndroidManifest.xml:46:27-74
108            </intent-filter>
109        </activity>
110        <activity
110-->src/main/AndroidManifest.xml:49:9-52:46
111            android:name="com.yzsh.power.client.wxapi.WXPayEntryActivity"
111-->src/main/AndroidManifest.xml:50:13-53
112            android:exported="true"
112-->src/main/AndroidManifest.xml:51:13-36
113            android:launchMode="singleTop" />
113-->src/main/AndroidManifest.xml:52:13-43
114
115        <!-- 高德地图 -->
116        <meta-data
116-->src/main/AndroidManifest.xml:55:9-57:64
117            android:name="com.amap.api.v2.apikey"
117-->src/main/AndroidManifest.xml:56:13-50
118            android:value="838dae9226532ced36441208d74e60fd" />
118-->src/main/AndroidManifest.xml:57:13-61
119
120        <service android:name="com.amap.api.location.APSService" />
120-->src/main/AndroidManifest.xml:58:9-68
120-->src/main/AndroidManifest.xml:58:18-65
121        <service
121-->src/main/AndroidManifest.xml:60:9-62:39
122            android:name="com.yzsh.power.client.service.LocationService"
122-->src/main/AndroidManifest.xml:60:18-57
123            android:enabled="true"
123-->src/main/AndroidManifest.xml:61:13-35
124            android:exported="true" />
124-->src/main/AndroidManifest.xml:62:13-36
125
126        <meta-data
126-->src/main/AndroidManifest.xml:64:9-73
127            android:name="updateBaseVersion"
127-->src/main/AndroidManifest.xml:64:20-52
128            android:value="0" />
128-->src/main/AndroidManifest.xml:64:53-70
129        <meta-data
129-->src/main/AndroidManifest.xml:65:9-73
130            android:name="locationPeriod"
130-->src/main/AndroidManifest.xml:65:20-49
131            android:value="5000" />
131-->src/main/AndroidManifest.xml:65:50-70
132
133        <!--
134        Don't delete the meta-data below.
135        This is used by the Flutter tool to generate GeneratedPluginRegistrant.java
136        -->
137        <meta-data
137-->src/main/AndroidManifest.xml:69:9-71:33
138            android:name="flutterEmbedding"
138-->src/main/AndroidManifest.xml:70:13-44
139            android:value="2" />
139-->src/main/AndroidManifest.xml:71:13-30
140        <meta-data
140-->[:getuiflut] AndroidManifest.xml:83:9-85:47
141            android:name="PUSH_APPID"
141-->[:getuiflut] AndroidManifest.xml:84:13-38
142            android:value="1rF4Wza0hq5spZQ2DfkDo9" />
142-->[:getuiflut] AndroidManifest.xml:85:13-44
143        <meta-data
143-->[:getuiflut] AndroidManifest.xml:86:9-88:48
144            android:name="PUSH_APPKEY"
144-->[:getuiflut] AndroidManifest.xml:87:13-39
145            android:value="raJ98El2eA6inHcUqtQ8Y4" />
145-->[:getuiflut] AndroidManifest.xml:88:13-45
146        <meta-data
146-->[:getuiflut] AndroidManifest.xml:89:9-91:51
147            android:name="PUSH_APPSECRET"
147-->[:getuiflut] AndroidManifest.xml:90:13-42
148            android:value="yv9h22UUiQ9vQTfnoVcz26" />
148-->[:getuiflut] AndroidManifest.xml:91:13-48
149        <meta-data
149-->[:getuiflut] AndroidManifest.xml:92:9-94:51
150            android:name="MIPUSH_APPID"
150-->[:getuiflut] AndroidManifest.xml:93:13-40
151            android:value="XM_" />
151-->[:getuiflut] AndroidManifest.xml:94:13-48
152        <meta-data
152-->[:getuiflut] AndroidManifest.xml:95:9-97:52
153            android:name="MIPUSH_APPKEY"
153-->[:getuiflut] AndroidManifest.xml:96:13-41
154            android:value="XM_" />
154-->[:getuiflut] AndroidManifest.xml:97:13-49
155        <meta-data
155-->[:getuiflut] AndroidManifest.xml:98:9-100:50
156            android:name="MEIZUPUSH_APPID"
156-->[:getuiflut] AndroidManifest.xml:99:13-43
157            android:value="MZ_" />
157-->[:getuiflut] AndroidManifest.xml:100:13-47
158        <meta-data
158-->[:getuiflut] AndroidManifest.xml:101:9-103:51
159            android:name="MEIZUPUSH_APPKEY"
159-->[:getuiflut] AndroidManifest.xml:102:13-44
160            android:value="MZ_" />
160-->[:getuiflut] AndroidManifest.xml:103:13-48
161        <meta-data
161-->[:getuiflut] AndroidManifest.xml:104:9-106:48
162            android:name="com.huawei.hms.client.appid"
162-->[:getuiflut] AndroidManifest.xml:105:13-55
163            android:value="" />
163-->[:getuiflut] AndroidManifest.xml:106:13-45
164        <meta-data
164-->[:getuiflut] AndroidManifest.xml:107:9-109:50
165            android:name="OPPOPUSH_APPKEY"
165-->[:getuiflut] AndroidManifest.xml:108:13-43
166            android:value="OP_" />
166-->[:getuiflut] AndroidManifest.xml:109:13-47
167        <meta-data
167-->[:getuiflut] AndroidManifest.xml:110:9-112:53
168            android:name="OPPOPUSH_APPSECRET"
168-->[:getuiflut] AndroidManifest.xml:111:13-46
169            android:value="OP_" />
169-->[:getuiflut] AndroidManifest.xml:112:13-50
170        <meta-data
170-->[:getuiflut] AndroidManifest.xml:113:9-115:46
171            android:name="com.vivo.push.app_id"
171-->[:getuiflut] AndroidManifest.xml:114:13-48
172            android:value="" />
172-->[:getuiflut] AndroidManifest.xml:115:13-43
173        <meta-data
173-->[:getuiflut] AndroidManifest.xml:116:9-118:47
174            android:name="com.vivo.push.api_key"
174-->[:getuiflut] AndroidManifest.xml:117:13-49
175            android:value="" /> <!-- 用户自定义服务继承自GTIntentService,作为SDK与APP桥梁服务,用来接收各种消息和命令回复 -->
175-->[:getuiflut] AndroidManifest.xml:118:13-44
176        <service
176-->[:getuiflut] AndroidManifest.xml:120:9-122:72
177            android:name="com.getui.getuiflut.FlutterIntentService"
177-->[:getuiflut] AndroidManifest.xml:121:13-68
178            android:permission="android.permission.BIND_JOB_SERVICE" /> <!-- 配置SDK核心服务 -->
178-->[:getuiflut] AndroidManifest.xml:122:13-69
179        <service
179-->[:getuiflut] AndroidManifest.xml:124:9-128:46
180            android:name="com.getui.getuiflut.FlutterPushService"
180-->[:getuiflut] AndroidManifest.xml:125:13-66
181            android:exported="true"
181-->[:getuiflut] AndroidManifest.xml:126:13-36
182            android:label="PushService"
182-->[:getuiflut] AndroidManifest.xml:127:13-40
183            android:process=":pushservice" />
183-->[:getuiflut] AndroidManifest.xml:128:13-43
184        <service
184-->[:getuiflut] AndroidManifest.xml:129:9-138:19
185            android:name="com.igexin.sdk.PushService"
185-->[:getuiflut] AndroidManifest.xml:130:13-54
186            android:exported="true"
186-->[:getuiflut] AndroidManifest.xml:131:13-36
187            android:label="NotificationCenter"
187-->[:getuiflut] AndroidManifest.xml:132:13-47
188            android:permission="android.permission.BIND_JOB_SERVICE"
188-->[:getuiflut] AndroidManifest.xml:133:13-69
189            android:process=":pushservice" >
189-->[:getuiflut] AndroidManifest.xml:134:13-43
190            <intent-filter>
190-->[:getuiflut] AndroidManifest.xml:135:13-137:29
191                <action android:name="com.igexin.sdk.action.service.message" />
191-->[:getuiflut] AndroidManifest.xml:136:17-80
191-->[:getuiflut] AndroidManifest.xml:136:25-77
192            </intent-filter>
193        </service>
194
195        <receiver android:name="com.igexin.sdk.PushReceiver" >
195-->[:getuiflut] AndroidManifest.xml:140:9-150:20
195-->[:getuiflut] AndroidManifest.xml:140:19-61
196            <intent-filter>
196-->[:getuiflut] AndroidManifest.xml:141:13-149:29
197                <action android:name="android.intent.action.BOOT_COMPLETED" />
197-->[:getuiflut] AndroidManifest.xml:142:17-79
197-->[:getuiflut] AndroidManifest.xml:142:25-76
198                <action android:name="android.net.conn.CONNECTIVITY_CHANGE" />
198-->[:getuiflut] AndroidManifest.xml:143:17-79
198-->[:getuiflut] AndroidManifest.xml:143:25-76
199                <action android:name="android.intent.action.USER_PRESENT" />
199-->[:getuiflut] AndroidManifest.xml:144:17-77
199-->[:getuiflut] AndroidManifest.xml:144:25-74
200                <action android:name="com.igexin.sdk.action.refreshls" />
200-->[:getuiflut] AndroidManifest.xml:145:17-74
200-->[:getuiflut] AndroidManifest.xml:145:25-71
201                <action android:name="android.intent.action.MEDIA_MOUNTED" />
201-->[:getuiflut] AndroidManifest.xml:146:17-78
201-->[:getuiflut] AndroidManifest.xml:146:25-75
202                <action android:name="android.intent.action.ACTION_POWER_CONNECTED" />
202-->[:getuiflut] AndroidManifest.xml:147:17-87
202-->[:getuiflut] AndroidManifest.xml:147:25-84
203                <action android:name="android.intent.action.ACTION_POWER_DISCONNECTED" />
203-->[:getuiflut] AndroidManifest.xml:148:17-90
203-->[:getuiflut] AndroidManifest.xml:148:25-87
204            </intent-filter>
205        </receiver>
206
207        <activity
207-->[:getuiflut] AndroidManifest.xml:152:9-158:75
208            android:name="com.igexin.sdk.PushActivity"
208-->[:getuiflut] AndroidManifest.xml:153:13-55
209            android:excludeFromRecents="true"
209-->[:getuiflut] AndroidManifest.xml:154:13-46
210            android:exported="false"
210-->[:getuiflut] AndroidManifest.xml:155:13-37
211            android:process=":pushservice"
211-->[:getuiflut] AndroidManifest.xml:156:13-43
212            android:taskAffinity="com.igexin.sdk.PushActivityTask"
212-->[:getuiflut] AndroidManifest.xml:157:13-67
213            android:theme="@android:style/Theme.Translucent.NoTitleBar" />
213-->[:getuiflut] AndroidManifest.xml:158:13-72
214        <activity
214-->[:getuiflut] AndroidManifest.xml:159:9-165:75
215            android:name="com.igexin.sdk.GActivity"
215-->[:getuiflut] AndroidManifest.xml:160:13-52
216            android:excludeFromRecents="true"
216-->[:getuiflut] AndroidManifest.xml:161:13-46
217            android:exported="true"
217-->[:getuiflut] AndroidManifest.xml:162:13-36
218            android:process=":pushservice"
218-->[:getuiflut] AndroidManifest.xml:163:13-43
219            android:taskAffinity="com.igexin.sdk.PushActivityTask"
219-->[:getuiflut] AndroidManifest.xml:164:13-67
220            android:theme="@android:style/Theme.Translucent.NoTitleBar" /> <!-- Flutter动态看护 -->
220-->[:getuiflut] AndroidManifest.xml:165:13-72
221        <activity
221-->[:getuiflut] AndroidManifest.xml:167:9-173:75
222            android:name="com.getui.getuiflut.GetuiPluginActivity"
222-->[:getuiflut] AndroidManifest.xml:168:13-67
223            android:excludeFromRecents="true"
223-->[:getuiflut] AndroidManifest.xml:169:13-46
224            android:exported="true"
224-->[:getuiflut] AndroidManifest.xml:170:13-36
225            android:process=":pushservice"
225-->[:getuiflut] AndroidManifest.xml:171:13-43
226            android:taskAffinity="com.igexin.sdk.PushActivityTask"
226-->[:getuiflut] AndroidManifest.xml:172:13-67
227            android:theme="@android:style/Theme.Translucent.NoTitleBar" /> <!-- meizu push -->
227-->[:getuiflut] AndroidManifest.xml:173:13-72
228        <service
228-->[:getuiflut] AndroidManifest.xml:175:9-178:46
229            android:name="com.meizu.cloud.pushsdk.NotificationService"
229-->[:getuiflut] AndroidManifest.xml:176:13-71
230            android:exported="true"
230-->[:getuiflut] AndroidManifest.xml:177:13-36
231            android:process=":pushservice" />
231-->[:getuiflut] AndroidManifest.xml:178:13-43
232
233        <receiver
233-->[:getuiflut] AndroidManifest.xml:180:9-188:20
234            android:name="com.meizu.cloud.pushsdk.SystemReceiver"
234-->[:getuiflut] AndroidManifest.xml:181:13-66
235            android:process=":pushservice" >
235-->[:getuiflut] AndroidManifest.xml:182:13-43
236            <intent-filter>
236-->[:getuiflut] AndroidManifest.xml:183:13-187:29
237                <action android:name="com.meizu.cloud.pushservice.action.PUSH_SERVICE_START" />
237-->[:getuiflut] AndroidManifest.xml:184:17-96
237-->[:getuiflut] AndroidManifest.xml:184:25-93
238
239                <category android:name="android.intent.category.DEFAULT" />
239-->[:getuiflut] AndroidManifest.xml:186:17-76
239-->[:getuiflut] AndroidManifest.xml:186:27-73
240            </intent-filter>
241        </receiver>
242        <receiver
242-->[:getuiflut] AndroidManifest.xml:189:9-206:20
243            android:name="com.igexin.sdk.FlymePushReceiver"
243-->[:getuiflut] AndroidManifest.xml:190:13-60
244            android:process=":pushservice" >
244-->[:getuiflut] AndroidManifest.xml:191:13-43
245            <intent-filter>
245-->[:getuiflut] AndroidManifest.xml:192:13-205:29
246
247                <!-- 接收push消息 -->
248                <action android:name="com.meizu.flyme.push.intent.MESSAGE" />
248-->[:getuiflut] AndroidManifest.xml:195:17-78
248-->[:getuiflut] AndroidManifest.xml:195:25-75
249                <!-- 接收register消息 -->
250                <action android:name="com.meizu.flyme.push.intent.REGISTER.FEEDBACK" />
250-->[:getuiflut] AndroidManifest.xml:197:17-88
250-->[:getuiflut] AndroidManifest.xml:197:25-85
251                <!-- 接收unregister消息 -->
252                <action android:name="com.meizu.flyme.push.intent.UNREGISTER.FEEDBACK" />
252-->[:getuiflut] AndroidManifest.xml:199:17-90
252-->[:getuiflut] AndroidManifest.xml:199:25-87
253                <!-- 兼容低版本Flyme3推送服务配置 -->
254                <action android:name="com.meizu.c2dm.intent.REGISTRATION" />
254-->[:getuiflut] AndroidManifest.xml:201:17-77
254-->[:getuiflut] AndroidManifest.xml:201:25-74
255                <action android:name="com.meizu.c2dm.intent.RECEIVE" />
255-->[:getuiflut] AndroidManifest.xml:202:17-72
255-->[:getuiflut] AndroidManifest.xml:202:25-69
256
257                <category android:name="com.yzsh.power.client" />
257-->[:getuiflut] AndroidManifest.xml:204:17-61
257-->[:getuiflut] AndroidManifest.xml:204:27-58
258            </intent-filter>
259        </receiver> <!-- mipush -->
260        <service
260-->[:getuiflut] AndroidManifest.xml:209:9-213:46
261            android:name="com.xiaomi.mipush.sdk.PushMessageHandler"
261-->[:getuiflut] AndroidManifest.xml:210:13-68
262            android:enabled="true"
262-->[:getuiflut] AndroidManifest.xml:211:13-35
263            android:exported="true"
263-->[:getuiflut] AndroidManifest.xml:212:13-36
264            android:process=":pushservice" />
264-->[:getuiflut] AndroidManifest.xml:213:13-43
265        <service
265-->[:getuiflut] AndroidManifest.xml:214:9-217:46
266            android:name="com.xiaomi.mipush.sdk.MessageHandleService"
266-->[:getuiflut] AndroidManifest.xml:215:13-70
267            android:enabled="true"
267-->[:getuiflut] AndroidManifest.xml:216:13-35
268            android:process=":pushservice" />
268-->[:getuiflut] AndroidManifest.xml:217:13-43
269
270        <receiver
270-->[:getuiflut] AndroidManifest.xml:219:9-232:20
271            android:name="com.igexin.sdk.MiuiPushReceiver"
271-->[:getuiflut] AndroidManifest.xml:220:13-59
272            android:exported="true"
272-->[:getuiflut] AndroidManifest.xml:221:13-36
273            android:process=":pushservice" >
273-->[:getuiflut] AndroidManifest.xml:222:13-43
274            <intent-filter>
274-->[:getuiflut] AndroidManifest.xml:223:13-225:29
275                <action android:name="com.xiaomi.mipush.RECEIVE_MESSAGE" />
275-->[:getuiflut] AndroidManifest.xml:224:17-76
275-->[:getuiflut] AndroidManifest.xml:224:25-73
276            </intent-filter>
277            <intent-filter>
277-->[:getuiflut] AndroidManifest.xml:226:13-228:29
278                <action android:name="com.xiaomi.mipush.MESSAGE_ARRIVED" />
278-->[:getuiflut] AndroidManifest.xml:227:17-76
278-->[:getuiflut] AndroidManifest.xml:227:25-73
279            </intent-filter>
280            <intent-filter>
280-->[:getuiflut] AndroidManifest.xml:229:13-231:29
281                <action android:name="com.xiaomi.mipush.ERROR" />
281-->[:getuiflut] AndroidManifest.xml:230:17-66
281-->[:getuiflut] AndroidManifest.xml:230:25-63
282            </intent-filter>
283        </receiver> <!-- hmspush -->
284        <activity
284-->[:getuiflut] AndroidManifest.xml:235:9-246:20
285            android:name="com.huawei.android.hms.agent.common.HMSAgentActivity"
285-->[:getuiflut] AndroidManifest.xml:236:13-80
286            android:configChanges="orientation|locale|screenSize|layoutDirection|fontScale"
286-->[:getuiflut] AndroidManifest.xml:237:13-92
287            android:excludeFromRecents="true"
287-->[:getuiflut] AndroidManifest.xml:238:13-46
288            android:exported="false"
288-->[:getuiflut] AndroidManifest.xml:239:13-37
289            android:hardwareAccelerated="true"
289-->[:getuiflut] AndroidManifest.xml:240:13-47
290            android:process=":pushservice"
290-->[:getuiflut] AndroidManifest.xml:241:13-43
291            android:theme="@android:style/Theme.Translucent" >
291-->[:getuiflut] AndroidManifest.xml:242:13-61
292            <meta-data
292-->[:getuiflut] AndroidManifest.xml:243:13-245:77
293                android:name="hwc-theme"
293-->[:getuiflut] AndroidManifest.xml:244:17-41
294                android:value="androidhwext:style/Theme.Emui.Translucent" />
294-->[:getuiflut] AndroidManifest.xml:245:17-74
295        </activity>
296        <activity
296-->[:getuiflut] AndroidManifest.xml:247:9-258:20
297            android:name="com.huawei.hms.activity.BridgeActivity"
297-->[:getuiflut] AndroidManifest.xml:248:13-66
298            android:configChanges="orientation|locale|screenSize|layoutDirection|fontScale"
298-->[:getuiflut] AndroidManifest.xml:249:13-92
299            android:excludeFromRecents="true"
299-->[:getuiflut] AndroidManifest.xml:250:13-46
300            android:exported="false"
300-->[:getuiflut] AndroidManifest.xml:251:13-37
301            android:hardwareAccelerated="true"
301-->[:getuiflut] AndroidManifest.xml:252:13-47
302            android:process=":pushservice"
302-->[:getuiflut] AndroidManifest.xml:253:13-43
303            android:theme="@android:style/Theme.Translucent" >
303-->[:getuiflut] AndroidManifest.xml:254:13-61
304            <meta-data
304-->[:getuiflut] AndroidManifest.xml:243:13-245:77
305                android:name="hwc-theme"
305-->[:getuiflut] AndroidManifest.xml:244:17-41
306                android:value="androidhwext:style/Theme.Emui.Translucent" />
306-->[:getuiflut] AndroidManifest.xml:245:17-74
307        </activity>
308
309        <provider
309-->[:getuiflut] AndroidManifest.xml:260:9-265:46
310            android:name="com.huawei.hms.update.provider.UpdateProvider"
310-->[:getuiflut] AndroidManifest.xml:261:13-73
311            android:authorities="com.yzsh.power.client.hms.update.provider"
311-->[:getuiflut] AndroidManifest.xml:262:13-71
312            android:exported="false"
312-->[:getuiflut] AndroidManifest.xml:263:13-37
313            android:grantUriPermissions="true"
313-->[:getuiflut] AndroidManifest.xml:264:13-47
314            android:process=":pushservice" />
314-->[:getuiflut] AndroidManifest.xml:265:13-43
315
316        <receiver
316-->[:getuiflut] AndroidManifest.xml:267:9-280:20
317            android:name="com.igexin.sdk.HmsPushReceiver"
317-->[:getuiflut] AndroidManifest.xml:268:13-58
318            android:permission="com.yzsh.power.client.permission.PROCESS_PUSH_MSG"
318-->[:getuiflut] AndroidManifest.xml:269:13-78
319            android:process=":pushservice" >
319-->[:getuiflut] AndroidManifest.xml:270:13-43
320            <intent-filter>